Performing C SOURCE FILE Test CMAKE_HAVE_LIBC_PTHREAD failed with the following output:
Change Dir: /home/diego/moje/io/2/build/CMakeFiles/CMakeTmp

Run Build Command(s):/usr/bin/make cmTC_3153d/fast && /usr/bin/make  -f CMakeFiles/cmTC_3153d.dir/build.make CMakeFiles/cmTC_3153d.dir/build
make[1]: Entering directory '/home/diego/moje/io/2/build/CMakeFiles/CMakeTmp'
Building C object CMakeFiles/cmTC_3153d.dir/src.c.o
/usr/bin/cc -DCMAKE_HAVE_LIBC_PTHREAD   -o CMakeFiles/cmTC_3153d.dir/src.c.o -c /home/diego/moje/io/2/build/CMakeFiles/CMakeTmp/src.c
Linking C executable cmTC_3153d
/snap/cmake/743/bin/cmake -E cmake_link_script CMakeFiles/cmTC_3153d.dir/link.txt --verbose=1
/usr/bin/cc -rdynamic CMakeFiles/cmTC_3153d.dir/src.c.o -o cmTC_3153d 
/usr/bin/ld: CMakeFiles/cmTC_3153d.dir/src.c.o: in function `main':
src.c:(.text+0x46): undefined reference to `pthread_create'
/usr/bin/ld: src.c:(.text+0x52): undefined reference to `pthread_detach'
/usr/bin/ld: src.c:(.text+0x5e): undefined reference to `pthread_cancel'
/usr/bin/ld: src.c:(.text+0x6f): undefined reference to `pthread_join'
collect2: error: ld returned 1 exit status
make[1]: *** [CMakeFiles/cmTC_3153d.dir/build.make:106: cmTC_3153d] Error 1
make[1]: Leaving directory '/home/diego/moje/io/2/build/CMakeFiles/CMakeTmp'
make: *** [Makefile:140: cmTC_3153d/fast] Error 2


Source file was:
#include <pthread.h>

static void* test_func(void* data)
{
  return data;
}

int main(void)
{
  pthread_t thread;
  pthread_create(&thread, NULL, test_func, NULL);
  pthread_detach(thread);
  pthread_cancel(thread);
  pthread_join(thread, NULL);
  pthread_atfork(NULL, NULL, NULL);
  pthread_exit(NULL);

  return 0;
}

Determining if the function pthread_create exists in the pthreads failed with the following output:
Change Dir: /home/diego/moje/io/2/build/CMakeFiles/CMakeTmp

Run Build Command(s):/usr/bin/make cmTC_f52d0/fast && /usr/bin/make  -f CMakeFiles/cmTC_f52d0.dir/build.make CMakeFiles/cmTC_f52d0.dir/build
make[1]: Entering directory '/home/diego/moje/io/2/build/CMakeFiles/CMakeTmp'
Building C object CMakeFiles/cmTC_f52d0.dir/CheckFunctionExists.c.o
/usr/bin/cc   -DCHECK_FUNCTION_EXISTS=pthread_create -o CMakeFiles/cmTC_f52d0.dir/CheckFunctionExists.c.o -c /snap/cmake/743/share/cmake-3.19/Modules/CheckFunctionExists.c
Linking C executable cmTC_f52d0
/snap/cmake/743/bin/cmake -E cmake_link_script CMakeFiles/cmTC_f52d0.dir/link.txt --verbose=1
/usr/bin/cc  -DCHECK_FUNCTION_EXISTS=pthread_create -rdynamic CMakeFiles/cmTC_f52d0.dir/CheckFunctionExists.c.o -o cmTC_f52d0  -lpthreads 
/usr/bin/ld: cannot find -lpthreads
collect2: error: ld returned 1 exit status
make[1]: *** [CMakeFiles/cmTC_f52d0.dir/build.make:106: cmTC_f52d0] Error 1
make[1]: Leaving directory '/home/diego/moje/io/2/build/CMakeFiles/CMakeTmp'
make: *** [Makefile:140: cmTC_f52d0/fast] Error 2



